C:\Program Files\Microsoft Visual Studio\2022\Community\MSBuild\Microsoft\VC\v170\Microsoft.CppBuild.targets(517,5): warning MSB8028: The intermediate directory (x64\Debug\) contains files shared from another project (SpaDomacaZadaca02.vcxproj).  This can lead to incorrect clean and rebuild behavior.
  Path.cpp
E:\SPA\projekt\DZ3\Z02\Path.cpp(75,1): warning C4267: '=': conversion from 'size_t' to 'int', possible loss of data
E:\SPA\projekt\DZ3\Z02\Path.cpp(104,70): warning C4244: 'argument': conversion from 'int' to 'T', possible loss of data
          with
          [
              T=float
          ]
E:\SPA\projekt\DZ3\Z02\Path.cpp(104,55): warning C4244: 'argument': conversion from 'int' to 'T', possible loss of data
          with
          [
              T=float
          ]
E:\SPA\projekt\DZ3\Z02\Path.cpp(201,25): warning C4244: 'return': conversion from 'double' to 'float', possible loss of data
E:\SPA\projekt\DZ3\Z02\Path.cpp(342,15): warning C4244: 'initializing': conversion from 'T' to 'int', possible loss of data
          with
          [
              T=float
          ]
E:\SPA\projekt\DZ3\Z02\Path.cpp(343,15): warning C4244: 'initializing': conversion from 'T' to 'int', possible loss of data
          with
          [
              T=float
          ]
  Menu.cpp
  Source.cpp
  Generating Code...
  Z02.vcxproj -> E:\SPA\projekt\DZ3\x64\Debug\Z02.exe
