e:\spa\projekt\dz3\z02\x64\debug\vc143.pdb
e:\spa\projekt\dz3\z02\x64\debug\vc143.idb
e:\spa\projekt\dz3\z02\x64\debug\path.nativecodeanalysis.sarif
e:\spa\projekt\dz3\z02\x64\debug\path.nativecodeanalysis.xml
e:\spa\projekt\dz3\z02\x64\debug\menu.nativecodeanalysis.sarif
e:\spa\projekt\dz3\z02\x64\debug\menu.nativecodeanalysis.xml
e:\spa\projekt\dz3\z02\x64\debug\source.nativecodeanalysis.sarif
e:\spa\projekt\dz3\z02\x64\debug\source.nativecodeanalysis.xml
e:\spa\projekt\dz3\z02\x64\debug\source.obj
e:\spa\projekt\dz3\z02\x64\debug\menu.obj
e:\spa\projekt\dz3\z02\x64\debug\path.obj
e:\spa\projekt\dz3\z02\x64\debug\z02.ilk
e:\spa\projekt\dz3\x64\debug\z02.exe
e:\spa\projekt\dz3\x64\debug\z02.pdb
e:\spa\projekt\dz3\z02\x64\debug\vc.nativecodeanalysis.all.xml
e:\spa\projekt\dz3\z02\x64\debug\z02.tlog\cl.command.1.tlog
e:\spa\projekt\dz3\z02\x64\debug\z02.tlog\cl.read.1.tlog
e:\spa\projekt\dz3\z02\x64\debug\z02.tlog\cl.write.1.tlog
e:\spa\projekt\dz3\z02\x64\debug\z02.tlog\link.command.1.tlog
e:\spa\projekt\dz3\z02\x64\debug\z02.tlog\link.read.1.tlog
e:\spa\projekt\dz3\z02\x64\debug\z02.tlog\link.write.1.tlog
